<?xml version="1.0" encoding="UTF-8" ?>
<testsuite tests="1" failures="0" name="Recipe.JpaHibernateDemo.JpaHibernateDemoApplicationTests" time="0.003" errors="0" skipped="0">
  <properties>
    <property name="http.agent" value="Chrome"/>
    <property name="java.runtime.name" value="Java(TM) SE Runtime Environment"/>
    <property name="sun.boot.library.path" value="C:\Program Files\Java\jdk1.8.0_144\jre\bin"/>
    <property name="java.vm.version" value="25.144-b01"/>
    <property name="java.vm.vendor" value="Oracle Corporation"/>
    <property name="java.vendor.url" value="http://java.oracle.com/"/>
    <property name="path.separator" value=";"/>
    <property name="java.vm.name" value="Java HotSpot(TM) 64-Bit Server VM"/>
    <property name="file.encoding.pkg" value="sun.io"/>
    <property name="user.script" value=""/>
    <property name="user.country" value="US"/>
    <property name="sun.java.launcher" value="SUN_STANDARD"/>
    <property name="sun.os.patch.level" value=""/>
    <property name="java.vm.specification.name" value="Java Virtual Machine Specification"/>
    <property name="user.dir" value="C:\Users\ammad\git\SpringBoot-SpringHibernate-SpringMVC-SpringDataJPA\JpaHibernateDemo"/>
    <property name="PID" value="7940"/>
    <property name="java.runtime.version" value="1.8.0_144-b01"/>
    <property name="java.awt.graphicsenv" value="sun.awt.Win32GraphicsEnvironment"/>
    <property name="basedir" value="C:\Users\ammad\git\SpringBoot-SpringHibernate-SpringMVC-SpringDataJPA\JpaHibernateDemo"/>
    <property name="java.endorsed.dirs" value="C:\Program Files\Java\jdk1.8.0_144\jre\lib\endorsed"/>
    <property name="os.arch" value="amd64"/>
    <property name="surefire.real.class.path" value="C:\Users\ammad\AppData\Local\Temp\surefirebooter5957973151432562125.jar"/>
    <property name="java.io.tmpdir" value="C:\Users\ammad\AppData\Local\Temp\"/>
    <property name="line.separator" value="
"/>
    <property name="java.vm.specification.vendor" value="Oracle Corporation"/>
    <property name="user.variant" value=""/>
    <property name="os.name" value="Windows 10"/>
    <property name="sun.jnu.encoding" value="Cp1252"/>
    <property name="java.library.path" value="C:\Program Files\Java\jdk1.8.0_144\jre\bin;C:\WINDOWS\Sun\Java\bin;C:\WINDOWS\system32;C:\WINDOWS;C:/Program Files/Java/jre1.8.0_151/bin/server;C:/Program Files/Java/jre1.8.0_151/bin;C:/Program Files/Java/jre1.8.0_151/lib/amd64;C:\ProgramData\Oracle\Java\javapath;C:\Windows\system32;C:\Windows;C:\Windows\System32\Wbem;C:\Windows\System32\WindowsPowerShell\v1.0\;C:\Program Files (x86)\NVIDIA Corporation\PhysX\Common;C:\WINDOWS\system32;C:\WINDOWS;C:\WINDOWS\System32\Wbem;C:\WINDOWS\System32\WindowsPowerShell\v1.0\;C:\Program Files\Intel\WiFi\bin\;C:\Program Files\Common Files\Intel\WirelessCommon\;C:\Users\ammad\AppData\Local\Microsoft\WindowsApps;C:\Program Files\Intel\WiFi\bin\;C:\Program Files\Common Files\Intel\WirelessCommon\;C:\Spring\sts-bundle\sts-3.9.0.RELEASE;;."/>
    <property name="spring.beaninfo.ignore" value="true"/>
    <property name="surefire.test.class.path" value="C:\Users\ammad\git\SpringBoot-SpringHibernate-SpringMVC-SpringDataJPA\JpaHibernateDemo\target\test-classes;C:\Users\ammad\git\SpringBoot-SpringHibernate-SpringMVC-SpringDataJPA\JpaHibernateDemo\target\classes;C:\Users\ammad\.m2\repository\org\springframework\boot\spring-boot-starter-data-jpa\2.0.0.M4\spring-boot-starter-data-jpa-2.0.0.M4.jar;C:\Users\ammad\.m2\repository\org\springframework\boot\spring-boot-starter\2.0.0.M4\spring-boot-starter-2.0.0.M4.jar;C:\Users\ammad\.m2\repository\org\springframework\boot\spring-boot\2.0.0.M4\spring-boot-2.0.0.M4.jar;C:\Users\ammad\.m2\repository\org\springframework\boot\spring-boot-autoconfigure\2.0.0.M4\spring-boot-autoconfigure-2.0.0.M4.jar;C:\Users\ammad\.m2\repository\org\springframework\boot\spring-boot-starter-logging\2.0.0.M4\spring-boot-starter-logging-2.0.0.M4.jar;C:\Users\ammad\.m2\repository\ch\qos\logback\logback-classic\1.2.3\logback-classic-1.2.3.jar;C:\Users\ammad\.m2\repository\ch\qos\logback\logback-core\1.2.3\logback-core-1.2.3.jar;C:\Users\ammad\.m2\repository\org\slf4j\jul-to-slf4j\1.7.25\jul-to-slf4j-1.7.25.jar;C:\Users\ammad\.m2\repository\org\slf4j\log4j-over-slf4j\1.7.25\log4j-over-slf4j-1.7.25.jar;C:\Users\ammad\.m2\repository\javax\annotation\javax.annotation-api\1.3\javax.annotation-api-1.3.jar;C:\Users\ammad\.m2\repository\org\yaml\snakeyaml\1.18\snakeyaml-1.18.jar;C:\Users\ammad\.m2\repository\org\springframework\boot\spring-boot-starter-aop\2.0.0.M4\spring-boot-starter-aop-2.0.0.M4.jar;C:\Users\ammad\.m2\repository\org\springframework\spring-aop\5.0.0.RC4\spring-aop-5.0.0.RC4.jar;C:\Users\ammad\.m2\repository\org\aspectj\aspectjweaver\1.8.10\aspectjweaver-1.8.10.jar;C:\Users\ammad\.m2\repository\org\springframework\boot\spring-boot-starter-jdbc\2.0.0.M4\spring-boot-starter-jdbc-2.0.0.M4.jar;C:\Users\ammad\.m2\repository\com\zaxxer\HikariCP\2.7.1\HikariCP-2.7.1.jar;C:\Users\ammad\.m2\repository\org\springframework\spring-jdbc\5.0.0.RC4\spring-jdbc-5.0.0.RC4.jar;C:\Users\ammad\.m2\repository\org\hibernate\hibernate-core\5.2.10.Final\hibernate-core-5.2.10.Final.jar;C:\Users\ammad\.m2\repository\org\jboss\logging\jboss-logging\3.3.1.Final\jboss-logging-3.3.1.Final.jar;C:\Users\ammad\.m2\repository\org\hibernate\javax\persistence\hibernate-jpa-2.1-api\1.0.0.Final\hibernate-jpa-2.1-api-1.0.0.Final.jar;C:\Users\ammad\.m2\repository\org\javassist\javassist\3.21.0-GA\javassist-3.21.0-GA.jar;C:\Users\ammad\.m2\repository\antlr\antlr\2.7.7\antlr-2.7.7.jar;C:\Users\ammad\.m2\repository\org\jboss\jandex\2.0.3.Final\jandex-2.0.3.Final.jar;C:\Users\ammad\.m2\repository\com\fasterxml\classmate\1.3.4\classmate-1.3.4.jar;C:\Users\ammad\.m2\repository\dom4j\dom4j\1.6.1\dom4j-1.6.1.jar;C:\Users\ammad\.m2\repository\org\hibernate\common\hibernate-commons-annotations\5.0.1.Final\hibernate-commons-annotations-5.0.1.Final.jar;C:\Users\ammad\.m2\repository\javax\transaction\javax.transaction-api\1.2\javax.transaction-api-1.2.jar;C:\Users\ammad\.m2\repository\org\springframework\data\spring-data-jpa\2.0.0.RC3\spring-data-jpa-2.0.0.RC3.jar;C:\Users\ammad\.m2\repository\org\springframework\data\spring-data-commons\2.0.0.RC3\spring-data-commons-2.0.0.RC3.jar;C:\Users\ammad\.m2\repository\org\springframework\spring-orm\5.0.0.RC4\spring-orm-5.0.0.RC4.jar;C:\Users\ammad\.m2\repository\org\springframework\spring-context\5.0.0.RC4\spring-context-5.0.0.RC4.jar;C:\Users\ammad\.m2\repository\org\springframework\spring-tx\5.0.0.RC4\spring-tx-5.0.0.RC4.jar;C:\Users\ammad\.m2\repository\org\springframework\spring-beans\5.0.0.RC4\spring-beans-5.0.0.RC4.jar;C:\Users\ammad\.m2\repository\org\slf4j\slf4j-api\1.7.25\slf4j-api-1.7.25.jar;C:\Users\ammad\.m2\repository\org\springframework\spring-aspects\5.0.0.RC4\spring-aspects-5.0.0.RC4.jar;C:\Users\ammad\.m2\repository\org\springframework\boot\spring-boot-starter-thymeleaf\2.0.0.M4\spring-boot-starter-thymeleaf-2.0.0.M4.jar;C:\Users\ammad\.m2\repository\org\thymeleaf\thymeleaf-spring5\3.0.7.RC1\thymeleaf-spring5-3.0.7.RC1.jar;C:\Users\ammad\.m2\repository\org\thymeleaf\thymeleaf\3.0.7.RELEASE\thymeleaf-3.0.7.RELEASE.jar;C:\Users\ammad\.m2\repository\org\attoparser\attoparser\2.0.4.RELEASE\attoparser-2.0.4.RELEASE.jar;C:\Users\ammad\.m2\repository\org\unbescape\unbescape\1.1.5.RELEASE\unbescape-1.1.5.RELEASE.jar;C:\Users\ammad\.m2\repository\org\thymeleaf\extras\thymeleaf-extras-java8time\3.0.1.RELEASE\thymeleaf-extras-java8time-3.0.1.RELEASE.jar;C:\Users\ammad\.m2\repository\org\springframework\boot\spring-boot-starter-web\2.0.0.M4\spring-boot-starter-web-2.0.0.M4.jar;C:\Users\ammad\.m2\repository\org\springframework\boot\spring-boot-starter-json\2.0.0.M4\spring-boot-starter-json-2.0.0.M4.jar;C:\Users\ammad\.m2\repository\com\fasterxml\jackson\core\jackson-databind\2.9.1\jackson-databind-2.9.1.jar;C:\Users\ammad\.m2\repository\com\fasterxml\jackson\core\jackson-annotations\2.9.0\jackson-annotations-2.9.0.jar;C:\Users\ammad\.m2\repository\com\fasterxml\jackson\core\jackson-core\2.9.1\jackson-core-2.9.1.jar;C:\Users\ammad\.m2\repository\com\fasterxml\jackson\datatype\jackson-datatype-jdk8\2.9.1\jackson-datatype-jdk8-2.9.1.jar;C:\Users\ammad\.m2\repository\com\fasterxml\jackson\datatype\jackson-datatype-jsr310\2.9.1\jackson-datatype-jsr310-2.9.1.jar;C:\Users\ammad\.m2\repository\com\fasterxml\jackson\module\jackson-module-parameter-names\2.9.1\jackson-module-parameter-names-2.9.1.jar;C:\Users\ammad\.m2\repository\com\fasterxml\jackson\module\jackson-module-kotlin\2.9.1\jackson-module-kotlin-2.9.1.jar;C:\Users\ammad\.m2\repository\org\springframework\boot\spring-boot-starter-tomcat\2.0.0.M4\spring-boot-starter-tomcat-2.0.0.M4.jar;C:\Users\ammad\.m2\repository\org\apache\tomcat\embed\tomcat-embed-core\8.5.20\tomcat-embed-core-8.5.20.jar;C:\Users\ammad\.m2\repository\org\apache\tomcat\embed\tomcat-embed-el\8.5.20\tomcat-embed-el-8.5.20.jar;C:\Users\ammad\.m2\repository\org\apache\tomcat\embed\tomcat-embed-websocket\8.5.20\tomcat-embed-websocket-8.5.20.jar;C:\Users\ammad\.m2\repository\org\hibernate\hibernate-validator\5.4.1.Final\hibernate-validator-5.4.1.Final.jar;C:\Users\ammad\.m2\repository\javax\validation\validation-api\1.1.0.Final\validation-api-1.1.0.Final.jar;C:\Users\ammad\.m2\repository\org\springframework\spring-web\5.0.0.RC4\spring-web-5.0.0.RC4.jar;C:\Users\ammad\.m2\repository\org\springframework\spring-webmvc\5.0.0.RC4\spring-webmvc-5.0.0.RC4.jar;C:\Users\ammad\.m2\repository\org\springframework\spring-expression\5.0.0.RC4\spring-expression-5.0.0.RC4.jar;C:\Users\ammad\.m2\repository\org\springframework\boot\spring-boot-starter-test\2.0.0.M4\spring-boot-starter-test-2.0.0.M4.jar;C:\Users\ammad\.m2\repository\org\springframework\boot\spring-boot-test\2.0.0.M4\spring-boot-test-2.0.0.M4.jar;C:\Users\ammad\.m2\repository\org\springframework\boot\spring-boot-test-autoconfigure\2.0.0.M4\spring-boot-test-autoconfigure-2.0.0.M4.jar;C:\Users\ammad\.m2\repository\com\jayway\jsonpath\json-path\2.4.0\json-path-2.4.0.jar;C:\Users\ammad\.m2\repository\net\minidev\json-smart\2.3\json-smart-2.3.jar;C:\Users\ammad\.m2\repository\net\minidev\accessors-smart\1.2\accessors-smart-1.2.jar;C:\Users\ammad\.m2\repository\org\ow2\asm\asm\5.0.4\asm-5.0.4.jar;C:\Users\ammad\.m2\repository\junit\junit\4.12\junit-4.12.jar;C:\Users\ammad\.m2\repository\org\assertj\assertj-core\3.8.0\assertj-core-3.8.0.jar;C:\Users\ammad\.m2\repository\org\mockito\mockito-core\2.9.0\mockito-core-2.9.0.jar;C:\Users\ammad\.m2\repository\net\bytebuddy\byte-buddy\1.7.5\byte-buddy-1.7.5.jar;C:\Users\ammad\.m2\repository\net\bytebuddy\byte-buddy-agent\1.7.5\byte-buddy-agent-1.7.5.jar;C:\Users\ammad\.m2\repository\org\objenesis\objenesis\2.6\objenesis-2.6.jar;C:\Users\ammad\.m2\repository\org\hamcrest\hamcrest-core\1.3\hamcrest-core-1.3.jar;C:\Users\ammad\.m2\repository\org\hamcrest\hamcrest-library\1.3\hamcrest-library-1.3.jar;C:\Users\ammad\.m2\repository\org\skyscreamer\jsonassert\1.5.0\jsonassert-1.5.0.jar;C:\Users\ammad\.m2\repository\com\vaadin\external\google\android-json\0.0.20131108.vaadin1\android-json-0.0.20131108.vaadin1.jar;C:\Users\ammad\.m2\repository\org\springframework\spring-core\5.0.0.RC4\spring-core-5.0.0.RC4.jar;C:\Users\ammad\.m2\repository\org\springframework\spring-jcl\5.0.0.RC4\spring-jcl-5.0.0.RC4.jar;C:\Users\ammad\.m2\repository\org\springframework\spring-test\5.0.0.RC4\spring-test-5.0.0.RC4.jar;C:\Users\ammad\.m2\repository\com\h2database\h2\1.4.196\h2-1.4.196.jar;C:\Users\ammad\.m2\repository\mysql\mysql-connector-java\5.1.44\mysql-connector-java-5.1.44.jar;"/>
    <property name="java.specification.name" value="Java Platform API Specification"/>
    <property name="java.class.version" value="52.0"/>
    <property name="sun.management.compiler" value="HotSpot 64-Bit Tiered Compilers"/>
    <property name="os.version" value="10.0"/>
    <property name="user.home" value="C:\Users\ammad"/>
    <property name="user.timezone" value="America/Chicago"/>
    <property name="java.awt.printerjob" value="sun.awt.windows.WPrinterJob"/>
    <property name="java.specification.version" value="1.8"/>
    <property name="file.encoding" value="Cp1252"/>
    <property name="user.name" value="ammad"/>
    <property name="java.class.path" value="C:\Users\ammad\git\SpringBoot-SpringHibernate-SpringMVC-SpringDataJPA\JpaHibernateDemo\target\test-classes;C:\Users\ammad\git\SpringBoot-SpringHibernate-SpringMVC-SpringDataJPA\JpaHibernateDemo\target\classes;C:\Users\ammad\.m2\repository\org\springframework\boot\spring-boot-starter-data-jpa\2.0.0.M4\spring-boot-starter-data-jpa-2.0.0.M4.jar;C:\Users\ammad\.m2\repository\org\springframework\boot\spring-boot-starter\2.0.0.M4\spring-boot-starter-2.0.0.M4.jar;C:\Users\ammad\.m2\repository\org\springframework\boot\spring-boot\2.0.0.M4\spring-boot-2.0.0.M4.jar;C:\Users\ammad\.m2\repository\org\springframework\boot\spring-boot-autoconfigure\2.0.0.M4\spring-boot-autoconfigure-2.0.0.M4.jar;C:\Users\ammad\.m2\repository\org\springframework\boot\spring-boot-starter-logging\2.0.0.M4\spring-boot-starter-logging-2.0.0.M4.jar;C:\Users\ammad\.m2\repository\ch\qos\logback\logback-classic\1.2.3\logback-classic-1.2.3.jar;C:\Users\ammad\.m2\repository\ch\qos\logback\logback-core\1.2.3\logback-core-1.2.3.jar;C:\Users\ammad\.m2\repository\org\slf4j\jul-to-slf4j\1.7.25\jul-to-slf4j-1.7.25.jar;C:\Users\ammad\.m2\repository\org\slf4j\log4j-over-slf4j\1.7.25\log4j-over-slf4j-1.7.25.jar;C:\Users\ammad\.m2\repository\javax\annotation\javax.annotation-api\1.3\javax.annotation-api-1.3.jar;C:\Users\ammad\.m2\repository\org\yaml\snakeyaml\1.18\snakeyaml-1.18.jar;C:\Users\ammad\.m2\repository\org\springframework\boot\spring-boot-starter-aop\2.0.0.M4\spring-boot-starter-aop-2.0.0.M4.jar;C:\Users\ammad\.m2\repository\org\springframework\spring-aop\5.0.0.RC4\spring-aop-5.0.0.RC4.jar;C:\Users\ammad\.m2\repository\org\aspectj\aspectjweaver\1.8.10\aspectjweaver-1.8.10.jar;C:\Users\ammad\.m2\repository\org\springframework\boot\spring-boot-starter-jdbc\2.0.0.M4\spring-boot-starter-jdbc-2.0.0.M4.jar;C:\Users\ammad\.m2\repository\com\zaxxer\HikariCP\2.7.1\HikariCP-2.7.1.jar;C:\Users\ammad\.m2\repository\org\springframework\spring-jdbc\5.0.0.RC4\spring-jdbc-5.0.0.RC4.jar;C:\Users\ammad\.m2\repository\org\hibernate\hibernate-core\5.2.10.Final\hibernate-core-5.2.10.Final.jar;C:\Users\ammad\.m2\repository\org\jboss\logging\jboss-logging\3.3.1.Final\jboss-logging-3.3.1.Final.jar;C:\Users\ammad\.m2\repository\org\hibernate\javax\persistence\hibernate-jpa-2.1-api\1.0.0.Final\hibernate-jpa-2.1-api-1.0.0.Final.jar;C:\Users\ammad\.m2\repository\org\javassist\javassist\3.21.0-GA\javassist-3.21.0-GA.jar;C:\Users\ammad\.m2\repository\antlr\antlr\2.7.7\antlr-2.7.7.jar;C:\Users\ammad\.m2\repository\org\jboss\jandex\2.0.3.Final\jandex-2.0.3.Final.jar;C:\Users\ammad\.m2\repository\com\fasterxml\classmate\1.3.4\classmate-1.3.4.jar;C:\Users\ammad\.m2\repository\dom4j\dom4j\1.6.1\dom4j-1.6.1.jar;C:\Users\ammad\.m2\repository\org\hibernate\common\hibernate-commons-annotations\5.0.1.Final\hibernate-commons-annotations-5.0.1.Final.jar;C:\Users\ammad\.m2\repository\javax\transaction\javax.transaction-api\1.2\javax.transaction-api-1.2.jar;C:\Users\ammad\.m2\repository\org\springframework\data\spring-data-jpa\2.0.0.RC3\spring-data-jpa-2.0.0.RC3.jar;C:\Users\ammad\.m2\repository\org\springframework\data\spring-data-commons\2.0.0.RC3\spring-data-commons-2.0.0.RC3.jar;C:\Users\ammad\.m2\repository\org\springframework\spring-orm\5.0.0.RC4\spring-orm-5.0.0.RC4.jar;C:\Users\ammad\.m2\repository\org\springframework\spring-context\5.0.0.RC4\spring-context-5.0.0.RC4.jar;C:\Users\ammad\.m2\repository\org\springframework\spring-tx\5.0.0.RC4\spring-tx-5.0.0.RC4.jar;C:\Users\ammad\.m2\repository\org\springframework\spring-beans\5.0.0.RC4\spring-beans-5.0.0.RC4.jar;C:\Users\ammad\.m2\repository\org\slf4j\slf4j-api\1.7.25\slf4j-api-1.7.25.jar;C:\Users\ammad\.m2\repository\org\springframework\spring-aspects\5.0.0.RC4\spring-aspects-5.0.0.RC4.jar;C:\Users\ammad\.m2\repository\org\springframework\boot\spring-boot-starter-thymeleaf\2.0.0.M4\spring-boot-starter-thymeleaf-2.0.0.M4.jar;C:\Users\ammad\.m2\repository\org\thymeleaf\thymeleaf-spring5\3.0.7.RC1\thymeleaf-spring5-3.0.7.RC1.jar;C:\Users\ammad\.m2\repository\org\thymeleaf\thymeleaf\3.0.7.RELEASE\thymeleaf-3.0.7.RELEASE.jar;C:\Users\ammad\.m2\repository\org\attoparser\attoparser\2.0.4.RELEASE\attoparser-2.0.4.RELEASE.jar;C:\Users\ammad\.m2\repository\org\unbescape\unbescape\1.1.5.RELEASE\unbescape-1.1.5.RELEASE.jar;C:\Users\ammad\.m2\repository\org\thymeleaf\extras\thymeleaf-extras-java8time\3.0.1.RELEASE\thymeleaf-extras-java8time-3.0.1.RELEASE.jar;C:\Users\ammad\.m2\repository\org\springframework\boot\spring-boot-starter-web\2.0.0.M4\spring-boot-starter-web-2.0.0.M4.jar;C:\Users\ammad\.m2\repository\org\springframework\boot\spring-boot-starter-json\2.0.0.M4\spring-boot-starter-json-2.0.0.M4.jar;C:\Users\ammad\.m2\repository\com\fasterxml\jackson\core\jackson-databind\2.9.1\jackson-databind-2.9.1.jar;C:\Users\ammad\.m2\repository\com\fasterxml\jackson\core\jackson-annotations\2.9.0\jackson-annotations-2.9.0.jar;C:\Users\ammad\.m2\repository\com\fasterxml\jackson\core\jackson-core\2.9.1\jackson-core-2.9.1.jar;C:\Users\ammad\.m2\repository\com\fasterxml\jackson\datatype\jackson-datatype-jdk8\2.9.1\jackson-datatype-jdk8-2.9.1.jar;C:\Users\ammad\.m2\repository\com\fasterxml\jackson\datatype\jackson-datatype-jsr310\2.9.1\jackson-datatype-jsr310-2.9.1.jar;C:\Users\ammad\.m2\repository\com\fasterxml\jackson\module\jackson-module-parameter-names\2.9.1\jackson-module-parameter-names-2.9.1.jar;C:\Users\ammad\.m2\repository\com\fasterxml\jackson\module\jackson-module-kotlin\2.9.1\jackson-module-kotlin-2.9.1.jar;C:\Users\ammad\.m2\repository\org\springframework\boot\spring-boot-starter-tomcat\2.0.0.M4\spring-boot-starter-tomcat-2.0.0.M4.jar;C:\Users\ammad\.m2\repository\org\apache\tomcat\embed\tomcat-embed-core\8.5.20\tomcat-embed-core-8.5.20.jar;C:\Users\ammad\.m2\repository\org\apache\tomcat\embed\tomcat-embed-el\8.5.20\tomcat-embed-el-8.5.20.jar;C:\Users\ammad\.m2\repository\org\apache\tomcat\embed\tomcat-embed-websocket\8.5.20\tomcat-embed-websocket-8.5.20.jar;C:\Users\ammad\.m2\repository\org\hibernate\hibernate-validator\5.4.1.Final\hibernate-validator-5.4.1.Final.jar;C:\Users\ammad\.m2\repository\javax\validation\validation-api\1.1.0.Final\validation-api-1.1.0.Final.jar;C:\Users\ammad\.m2\repository\org\springframework\spring-web\5.0.0.RC4\spring-web-5.0.0.RC4.jar;C:\Users\ammad\.m2\repository\org\springframework\spring-webmvc\5.0.0.RC4\spring-webmvc-5.0.0.RC4.jar;C:\Users\ammad\.m2\repository\org\springframework\spring-expression\5.0.0.RC4\spring-expression-5.0.0.RC4.jar;C:\Users\ammad\.m2\repository\org\springframework\boot\spring-boot-starter-test\2.0.0.M4\spring-boot-starter-test-2.0.0.M4.jar;C:\Users\ammad\.m2\repository\org\springframework\boot\spring-boot-test\2.0.0.M4\spring-boot-test-2.0.0.M4.jar;C:\Users\ammad\.m2\repository\org\springframework\boot\spring-boot-test-autoconfigure\2.0.0.M4\spring-boot-test-autoconfigure-2.0.0.M4.jar;C:\Users\ammad\.m2\repository\com\jayway\jsonpath\json-path\2.4.0\json-path-2.4.0.jar;C:\Users\ammad\.m2\repository\net\minidev\json-smart\2.3\json-smart-2.3.jar;C:\Users\ammad\.m2\repository\net\minidev\accessors-smart\1.2\accessors-smart-1.2.jar;C:\Users\ammad\.m2\repository\org\ow2\asm\asm\5.0.4\asm-5.0.4.jar;C:\Users\ammad\.m2\repository\junit\junit\4.12\junit-4.12.jar;C:\Users\ammad\.m2\repository\org\assertj\assertj-core\3.8.0\assertj-core-3.8.0.jar;C:\Users\ammad\.m2\repository\org\mockito\mockito-core\2.9.0\mockito-core-2.9.0.jar;C:\Users\ammad\.m2\repository\net\bytebuddy\byte-buddy\1.7.5\byte-buddy-1.7.5.jar;C:\Users\ammad\.m2\repository\net\bytebuddy\byte-buddy-agent\1.7.5\byte-buddy-agent-1.7.5.jar;C:\Users\ammad\.m2\repository\org\objenesis\objenesis\2.6\objenesis-2.6.jar;C:\Users\ammad\.m2\repository\org\hamcrest\hamcrest-core\1.3\hamcrest-core-1.3.jar;C:\Users\ammad\.m2\repository\org\hamcrest\hamcrest-library\1.3\hamcrest-library-1.3.jar;C:\Users\ammad\.m2\repository\org\skyscreamer\jsonassert\1.5.0\jsonassert-1.5.0.jar;C:\Users\ammad\.m2\repository\com\vaadin\external\google\android-json\0.0.20131108.vaadin1\android-json-0.0.20131108.vaadin1.jar;C:\Users\ammad\.m2\repository\org\springframework\spring-core\5.0.0.RC4\spring-core-5.0.0.RC4.jar;C:\Users\ammad\.m2\repository\org\springframework\spring-jcl\5.0.0.RC4\spring-jcl-5.0.0.RC4.jar;C:\Users\ammad\.m2\repository\org\springframework\spring-test\5.0.0.RC4\spring-test-5.0.0.RC4.jar;C:\Users\ammad\.m2\repository\com\h2database\h2\1.4.196\h2-1.4.196.jar;C:\Users\ammad\.m2\repository\mysql\mysql-connector-java\5.1.44\mysql-connector-java-5.1.44.jar;"/>
    <property name="java.vm.specification.version" value="1.8"/>
    <property name="sun.arch.data.model" value="64"/>
    <property name="java.home" value="C:\Program Files\Java\jdk1.8.0_144\jre"/>
    <property name="sun.java.command" value="C:\Users\ammad\AppData\Local\Temp\surefirebooter5957973151432562125.jar C:\Users\ammad\AppData\Local\Temp\surefire5985970859526740852tmp C:\Users\ammad\AppData\Local\Temp\surefire7527835957309459205tmp"/>
    <property name="java.specification.vendor" value="Oracle Corporation"/>
    <property name="user.language" value="en"/>
    <property name="awt.toolkit" value="sun.awt.windows.WToolkit"/>
    <property name="java.vm.info" value="mixed mode"/>
    <property name="java.version" value="1.8.0_144"/>
    <property name="java.ext.dirs" value="C:\Program Files\Java\jdk1.8.0_144\jre\lib\ext;C:\WINDOWS\Sun\Java\lib\ext"/>
    <property name="sun.boot.class.path" value="C:\Program Files\Java\jdk1.8.0_144\jre\lib\resources.jar;C:\Program Files\Java\jdk1.8.0_144\jre\lib\rt.jar;C:\Program Files\Java\jdk1.8.0_144\jre\lib\sunrsasign.jar;C:\Program Files\Java\jdk1.8.0_144\jre\lib\jsse.jar;C:\Program Files\Java\jdk1.8.0_144\jre\lib\jce.jar;C:\Program Files\Java\jdk1.8.0_144\jre\lib\charsets.jar;C:\Program Files\Java\jdk1.8.0_144\jre\lib\jfr.jar;C:\Program Files\Java\jdk1.8.0_144\jre\classes"/>
    <property name="java.vendor" value="Oracle Corporation"/>
    <property name="java.awt.headless" value="true"/>
    <property name="localRepository" value="C:\Users\ammad\.m2\repository"/>
    <property name="file.separator" value="\"/>
    <property name="java.vendor.url.bug" value="http://bugreport.sun.com/bugreport/"/>
    <property name="sun.cpu.endian" value="little"/>
    <property name="sun.io.unicode.encoding" value="UnicodeLittle"/>
    <property name="sun.desktop" value="windows"/>
    <property name="sun.cpu.isalist" value="amd64"/>
  </properties>
  <testcase classname="Recipe.JpaHibernateDemo.JpaHibernateDemoApplicationTests" name="contextLoads" time="0.001"/>
</testsuite>